[02/21/15 - 16:06:53] [JOIN] async_prince (b1f29ffc-94f4-3325-b295-021c65313148) at (101, 63, -9) in world 'world' joined the game!
[02/21/15 - 16:07:18] [QUIT] async_prince (b1f29ffc-94f4-3325-b295-021c65313148) at (101, 63, -9) in world 'world' left the the game
[02/21/15 - 17:01:18] [JOIN] kolen (7451cfb7-c35b-30e6-bdd4-c8ae285ca61f) at (261, 64, -58) in world 'world' joined the game!
[02/21/15 - 18:11:36] [QUIT] kolen (7451cfb7-c35b-30e6-bdd4-c8ae285ca61f) at (282, 64, -43) in world 'world' left the the game
[02/21/15 - 18:13:52] [JOIN] kolen (7451cfb7-c35b-30e6-bdd4-c8ae285ca61f) at (282, 64, -43) in world 'world' joined the game!
[02/21/15 - 19:04:59] [JOIN] ubersosisk (15710835-8e04-3c14-98f0-72d3c8cc245b) at (-32, 86, -99) in world 'world' joined the game!
[02/21/15 - 19:16:23] [QUIT] kolen (7451cfb7-c35b-30e6-bdd4-c8ae285ca61f) at (284, 46, -51) in world 'world' left the the game
[02/21/15 - 20:05:17] [JOIN] leavemydog (6e94ae11-58ce-3694-8a38-f1f6268b9f33) at (-256, 64, 1357) in world 'world' joined the game!
[02/21/15 - 20:27:00] [QUIT] ubersosisk (15710835-8e04-3c14-98f0-72d3c8cc245b) at (-37, 86, -98) in world 'world' left the the game
[02/21/15 - 20:39:53] [QUIT] leavemydog (6e94ae11-58ce-3694-8a38-f1f6268b9f33) at (-256, 78, 1370) in world 'world' left the the game
[02/21/15 - 20:50:49] [JOIN] Risovka (5d827f22-5a1c-32cf-90ae-f47433265ebc) at (-3, 72, 538) in world 'world' joined the game!
[02/21/15 - 21:08:09] [QUIT] Risovka (5d827f22-5a1c-32cf-90ae-f47433265ebc) at (34, 71, 1247) in world 'world' left the the game
[02/21/15 - 21:46:34] [JOIN] leavemydog (6e94ae11-58ce-3694-8a38-f1f6268b9f33) at (-256, 78, 1370) in world 'world' joined the game!
[02/21/15 - 22:00:44] [JOIN] kolen (7451cfb7-c35b-30e6-bdd4-c8ae285ca61f) at (284, 46, -51) in world 'world' joined the game!
[02/21/15 - 22:17:33] [JOIN] Risovka (5d827f22-5a1c-32cf-90ae-f47433265ebc) at (34, 71, 1247) in world 'world' joined the game!
[02/21/15 - 22:29:15] [QUIT] leavemydog (6e94ae11-58ce-3694-8a38-f1f6268b9f33) at (-267, 25, 1317) in world 'world' left the the game
[02/21/15 - 22:47:36] [QUIT] Risovka (5d827f22-5a1c-32cf-90ae-f47433265ebc) at (-366, 72, -178) in world 'world' left the the game
[02/21/15 - 22:47:41] [JOIN] Risovka (5d827f22-5a1c-32cf-90ae-f47433265ebc) at (-366, 72, -178) in world 'world' joined the game!
[02/21/15 - 22:49:06] [JOIN] leavemydog (6e94ae11-58ce-3694-8a38-f1f6268b9f33) at (-267, 25, 1317) in world 'world' joined the game!
[02/21/15 - 22:55:58] [QUIT] Risovka (5d827f22-5a1c-32cf-90ae-f47433265ebc) at (307, 64, -5) in world 'world' left the the game
[02/21/15 - 23:08:14] [JOIN] ubersosisk (15710835-8e04-3c14-98f0-72d3c8cc245b) at (-37, 86, -98) in world 'world' joined the game!
[02/21/15 - 23:17:26] [JOIN] Risovka (5d827f22-5a1c-32cf-90ae-f47433265ebc) at (307, 64, -5) in world 'world' joined the game!
[02/21/15 - 23:17:42] [QUIT] Risovka (5d827f22-5a1c-32cf-90ae-f47433265ebc) at (308, 64, -2) in world 'world' left the the game
[02/21/15 - 23:21:24] [JOIN] Risovka (5d827f22-5a1c-32cf-90ae-f47433265ebc) at (308, 64, -2) in world 'world' joined the game!
